<?xml version="1.0" encoding="UTF-8"?>
<testng-results skipped="0" failed="0" ignored="0" total="1" passed="1">
  <reporter-output>
  </reporter-output>
  <suite name="Default suite" duration-ms="5187" started-at="2020-04-18T05:30:48Z" finished-at="2020-04-18T05:30:54Z">
    <groups>
    </groups>
    <test name="Default test" duration-ms="5187" started-at="2020-04-18T05:30:48Z" finished-at="2020-04-18T05:30:54Z">
      <class name="testcases.Registercustomer">
        <test-method status="PASS" signature="registercustomerapi()[pri:0, instance:testcases.Registercustomer@523884b2]" name="registercustomerapi" duration-ms="5131" started-at="2020-04-18T05:30:48Z" finished-at="2020-04-18T05:30:54Z">
          <reporter-output>
          </reporter-output>
        </test-method> <!-- registercustomerapi -->
      </class> <!-- testcases.Registercustomer -->
    </test> <!-- Default test -->
  </suite> <!-- Default suite -->
</testng-results>
